<?xml version="1.0" encoding="UTF-8"?>
<!-- Generated by org.testng.reporters.JUnitReportReporter -->
<testsuite hostname="DESKTOP-K4J8M75" failures="0" tests="1" name="runner.TC_003_LoginCucumber" time="15.334" errors="0" timestamp="2024-03-17T19:06:26 IST" skipped="0">
  <testcase classname="runner.TC_003_LoginCucumber" name="runScenario" time="15.334"/>
  <system-out/>
</testsuite> <!-- runner.TC_003_LoginCucumber -->
